<?xml version="1.0" encoding="UTF-8"?>
<testng-results skipped="0" failed="0" ignored="0" total="1" passed="1">
  <reporter-output>
  </reporter-output>
  <suite name="Command line suite" duration-ms="38690" started-at="2020-01-20T01:19:24 AEDT" finished-at="2020-01-20T01:20:03 AEDT">
    <groups>
    </groups>
    <test name="Command line test" duration-ms="38690" started-at="2020-01-20T01:19:24 AEDT" finished-at="2020-01-20T01:20:03 AEDT">
      <class name="woolies.wooliesTest">
        <test-method status="PASS" signature="addCartTest()[pri:0, instance:woolies.wooliesTest@6e1567f1]" name="addCartTest" duration-ms="38660" started-at="2020-01-20T01:19:24 AEDT" finished-at="2020-01-20T01:20:03 AEDT">
          <reporter-output>
          </reporter-output>
        </test-method> <!-- addCartTest -->
      </class> <!-- woolies.wooliesTest -->
    </test> <!-- Command line test -->
  </suite> <!-- Command line suite -->
</testng-results>
